1698245620.311 <51D4> [WRITE] Journaller::writeFileHeader Journaller logging to C:/Users/MADEUC5_4/Documents/Cpp_emg_applications/Cpp_emg_applications/bts_xsens_multitrial/xme.log for XME 2023.0.0 / 120521 build 10035 on 2023/10/25 14:53:40.311
1698245620.311 <51D4> [WRITE] Journaller::setLogLevel Log level set to [ALERT] 
1698245620.311 <51D4> [WRITE] Journaller::setDebugLevel Debugger output log level set to [FATAL] 
1698245620.311 <51D4> [WRITE] xdaSetLogger XDA now logging to C:/Users/MADEUC5_4/Documents/Cpp_emg_applications/Cpp_emg_applications/bts_xsens_multitrial/xme.log
1698245620.345 <51D4> [WRITE] scanCalibrationFiles Scanning for calibration files in path C:/Users/MADEUC5_4/Documents/Cpp_emg_applications/Cpp_emg_applications/bts_xsens_multitrial/bin/Debug/x64/
1698245620.346 <51D4> [WRITE] scanCalibrationFiles C:/Users/MADEUC5_4/Documents/Cpp_emg_applications/Cpp_emg_applications/bts_xsens_multitrial/bin/Debug/x64/npose.xsa imported as calibration Npose
1698245620.346 <51D4> [WRITE] scanCalibrationFiles C:/Users/MADEUC5_4/Documents/Cpp_emg_applications/Cpp_emg_applications/bts_xsens_multitrial/bin/Debug/x64/tpose.xsa imported as calibration Tpose
1698245621.609 <51D4> [WRITE] XmeLicense_construct BuildTime = 2022/12/2
LicenseInfo =
<hasp_info>
	<hasp id="1695557130" type="HASP-HL" key_model="Time" configuration="sentinelhl" production_date="2020/6/15" attached="false">
		<vendor id="104171" name="" />
		<product id="311" name="MVN-AL-PRO-L-D">
			<feature id="520" name="MVN Redistributable Subscription" locked="true" expired="false" disabled="false" usable="true" license_type="perpetual" />
			<feature id="521" name="MVN Redistributable Maintenance" locked="true" expired="true" disabled="false" usable="false" license_type="expiration" exp_date="2023/9/7" />
			<feature id="580" name="MVN Analyze Pro Subscription" locked="true" expired="false" disabled="false" usable="true" license_type="perpetual" />
			<feature id="581" name="MVN Analyze Pro Maintenance" locked="true" expired="true" disabled="false" usable="false" license_type="expiration" exp_date="2023/9/7" />
		</product>
	</hasp>
	<hasp id="313979651923526335" type="HASP-SL" key_model="Certificate" configuration="haspsl-usermode" production_date="2021/5/20" attached="false">
		<vendor id="104171" name="" />
		<product id="10" name="Xsens">
			<feature id="1" name="Xsens" locked="true" expired="false" disabled="false" usable="true" license_type="perpetual" />
		</product>
		<product id="300" name="MVN-AL-PRO">
			<feature id="520" name="XME Redist Subscription" locked="true" expired="true" disabled="false" usable="false" license_type="expiration" exp_date="2021/6/4" />
			<feature id="521" name="XME Redist Maintenance" locked="true" expired="true" disabled="false" usable="false" license_type="expiration" exp_date="2021/6/4" />
			<feature id="580" name="MVN Analyze Pro Subscription" locked="true" expired="true" disabled="false" usable="false" license_type="expiration" exp_date="2021/6/4" />
			<feature id="581" name="MVN Analyze Pro Maintenance" locked="true" expired="true" disabled="false" usable="false" license_type="expiration" exp_date="2021/6/4" />
		</product>
	</hasp>
</hasp_info>
1698245621.918 <0F28> [ALERT] DeviceCommunicator::doTransaction Timeout waiting for reply to XMID_GotoConfig(30), timeout = 100 ms.
1698245621.918 <0F28> [ALERT] DeviceCommunicator::gotoConfig Failed to go to config, XRV: XRV_TIMEOUTNODATA(259)
1698245622.138 <63A8> [ALERT] Communicator::handleMessage Error message received: FAFF420104BA
1698245622.138 <63A8> [ALERT] xsens::ReplyMonitor::dumpObjectList Waiting for 1 objects
1698245622.138 <63A8> [ALERT] xsens::ReplyMonitor::dumpObjectList 0: msg ID = 0x1F
1698245622.138 <0F28> [ALERT] DeviceCommunicator::doTransaction Received error XRV_INVALIDMSG(4)
1698245622.527 <7708> [ALERT] Communicator::handleMessage Error message received: FAFF420104BA
1698245622.527 <7708> [ALERT] xsens::ReplyMonitor::dumpObjectList Waiting for 1 objects
1698245622.527 <7708> [ALERT] xsens::ReplyMonitor::dumpObjectList 0: msg ID = 0x1F
1698245622.527 <0F28> [ALERT] DeviceCommunicator::doTransaction Received error XRV_INVALIDMSG(4)
1698245622.668 <0F28> [WRITE] XsDevice::extractFirmwareVersion Device 01200275 has firmware version 4.4.0
1698245622.693 <7708> [ALERT] Communicator::handleMessage Error message received: FAFF420104BA
1698245622.693 <7708> [ALERT] xsens::ReplyMonitor::dumpObjectList Waiting for 1 objects
1698245622.693 <7708> [ALERT] xsens::ReplyMonitor::dumpObjectList 0: msg ID = 0x4B
1698245622.693 <0F28> [ALERT] DeviceCommunicator::doTransaction Received error XRV_INVALIDMSG(4)
1698245622.742 <0F28> [WRITE] XsDevice::extractFirmwareVersion Device 01200275 has firmware version 4.4.0
1698245622.768 <0F28> [WRITE] DeviceFactory::createMasterDevice Created master device with id: 01200275 and firmware version: 4.4.0
1698245622.895 <7708> [ALERT] Communicator::handleMessage Error message received: FAFF420104BA
1698245622.895 <7708> [ALERT] xsens::ReplyMonitor::dumpObjectList Waiting for 1 objects
1698245622.895 <7708> [ALERT] xsens::ReplyMonitor::dumpObjectList 0: msg ID = 0x4B
1698245622.896 <0758> [ALERT] DeviceCommunicator::doTransaction Received error XRV_INVALIDMSG(4)
1698245624.238 <7708> [WRITE] MtwBaseDevice::handleClientConnect Master 01200275 Client connected: 00B46ABA
1698245624.238 <7708> [WRITE] XsDevice::setFirmwareVersion Device 00B46ABA has firmware version 4.4.0
1698245627.728 <7708> [WRITE] MtwBaseDevice::handleClientConnect Master 01200275 Client connected: 00B46AB1
1698245627.728 <7708> [WRITE] XsDevice::setFirmwareVersion Device 00B46AB1 has firmware version 4.4.0
1698245627.882 <7708> [WRITE] MtwBaseDevice::handleClientConnect Master 01200275 Client connected: 00B46AB0
1698245627.882 <7708> [WRITE] XsDevice::setFirmwareVersion Device 00B46AB0 has firmware version 4.4.0
1698245628.028 <7708> [WRITE] MtwBaseDevice::handleClientConnect Master 01200275 Client connected: 00B46AAE
1698245628.028 <7708> [WRITE] XsDevice::setFirmwareVersion Device 00B46AAE has firmware version 4.4.0
1698245628.168 <7708> [WRITE] MtwBaseDevice::handleClientConnect Master 01200275 Client connected: 00B46AB7
1698245628.168 <7708> [WRITE] XsDevice::setFirmwareVersion Device 00B46AB7 has firmware version 4.4.0
1698245628.319 <7708> [WRITE] MtwBaseDevice::handleClientConnect Master 01200275 Client connected: 00B46AB9
1698245628.319 <7708> [WRITE] XsDevice::setFirmwareVersion Device 00B46AB9 has firmware version 4.4.0
1698245628.408 <7708> [WRITE] MtwBaseDevice::handleClientConnect Master 01200275 Client connected: 00B46AB8
1698245628.408 <7708> [WRITE] XsDevice::setFirmwareVersion Device 00B46AB8 has firmware version 4.4.0
1698245628.730 <7708> [WRITE] MtwBaseDevice::handleClientConnect Master 01200275 Client connected: 00B46AB4
1698245628.731 <7708> [WRITE] XsDevice::setFirmwareVersion Device 00B46AB4 has firmware version 4.4.0
1698245629.538 <7708> [WRITE] MtwBaseDevice::handleClientConnect Master 01200275 Client connected: 00B46AB5
1698245629.538 <7708> [WRITE] XsDevice::setFirmwareVersion Device 00B46AB5 has firmware version 4.4.0
1698245629.688 <7708> [ALERT] Communicator::handleMessage Error message received: FAFF420104BA
1698245629.688 <7708> [ALERT] xsens::ReplyMonitor::dumpObjectList Waiting for 1 objects
1698245629.688 <7708> [ALERT] xsens::ReplyMonitor::dumpObjectList 0: msg ID = 0x2B
1698245630.211 <0758> [WRITE] XsDevice::extractFirmwareVersion Device 01200275 has firmware version 4.4.0
1698245642.948 <51D4> [WRITE] XmeControl::initializeCalibration label: Npose file: 
1698245642.953 <51D4> [WRITE] XmeControl::startCalibration Starting calibration Npose at 1970/01/01 00:00:00.000
1698245642.953 <51D4> [WRITE] XmeControl::startRecording when: 0 in local: 0
1698245654.490 <7708> [ALERT] ProtocolHandler::findMessage Invalid message length: 10402
1698245658.958 <0758> [WRITE] XmeControl::stopRecording when: 0
1698245658.977 <0758> [WRITE] XmeControl::stopRecording when: 0
1698245658.997 <7708> [ALERT] Communicator::handleMessage Error message received: FAFF420104BA
1698245658.997 <7708> [ALERT] xsens::ReplyMonitor::dumpObjectList Waiting for 1 objects
1698245658.997 <7708> [ALERT] xsens::ReplyMonitor::dumpObjectList 0: msg ID = 0xCF
1698245658.997 <0758> [ALERT] DeviceCommunicator::doTransaction Received error XRV_INVALIDMSG(4)
1698245661.744 <7708> [ALERT] ProtocolHandler::findMessage Invalid message length: 65242
1698245692.346 <51D4> [WRITE] XmeControl::stopRecording when: 0
1698245715.208 <51D4> [WRITE] XmeControl::startRecording when: 0 in local: 0
1698245730.722 <7708> [ALERT] ProtocolHandler::findMessage Invalid message length: 12572
1698245769.274 <7708> [ALERT] ProtocolHandler::findMessage Invalid message length: 32453
1698245835.258 <51D4> [WRITE] XmeControl::stopRecording when: 0
1698245835.276 <51D4> [WRITE] XmeControl::closeFile C:\Users\MADEUC5_4\Documents\Cpp_emg_applications\Cpp_emg_applications\bts_xsens_multitrial\2023-10-25-165515.mvn
1698245838.291 <51D4> [ALERT] DeviceCommunicator::doTransaction Timeout waiting for reply to XMID_StopRecording(CE), timeout = 3000 ms.
