1696955783.011 <43C8> [WRITE] Journaller::writeFileHeader Journaller logging to C:/Users/maste/OneDrive - Politecnico di Milano/Politecnico di Milano courses/Tesis/VisualPrograms/Cpp_emg_applications/bts_xsens_implementation/xme.log for XME 2023.0.0 / 120521 build 10035 on 2023/10/10 16:36:23.011
1696955783.011 <43C8> [WRITE] Journaller::setLogLevel Log level set to [ALERT] 
1696955783.011 <43C8> [WRITE] Journaller::setDebugLevel Debugger output log level set to [FATAL] 
1696955783.011 <43C8> [WRITE] xdaSetLogger XDA now logging to C:/Users/maste/OneDrive - Politecnico di Milano/Politecnico di Milano courses/Tesis/VisualPrograms/Cpp_emg_applications/bts_xsens_implementation/xme.log
1696955783.045 <43C8> [WRITE] scanCalibrationFiles Scanning for calibration files in path C:/Users/maste/OneDrive - Politecnico di Milano/Politecnico di Milano courses/Tesis/VisualPrograms/Cpp_emg_applications/bts_xsens_implementation/bin/Debug/x64/
1696955783.047 <43C8> [WRITE] scanCalibrationFiles C:/Users/maste/OneDrive - Politecnico di Milano/Politecnico di Milano courses/Tesis/VisualPrograms/Cpp_emg_applications/bts_xsens_implementation/bin/Debug/x64/npose.xsa imported as calibration Npose
1696955783.047 <43C8> [WRITE] scanCalibrationFiles C:/Users/maste/OneDrive - Politecnico di Milano/Politecnico di Milano courses/Tesis/VisualPrograms/Cpp_emg_applications/bts_xsens_implementation/bin/Debug/x64/tpose.xsa imported as calibration Tpose
1696955784.250 <43C8> [WRITE] XmeLicense_construct BuildTime = 2022/12/2
LicenseInfo =
<hasp_info>
	<hasp id="1695557130" type="HASP-HL" key_model="Time" configuration="sentinelhl" production_date="2020/6/15" attached="false">
		<vendor id="104171" name="" />
		<product id="311" name="MVN-AL-PRO-L-D">
			<feature id="520" name="MVN Redistributable Subscription" locked="true" expired="false" disabled="false" usable="true" license_type="perpetual" />
			<feature id="521" name="MVN Redistributable Maintenance" locked="true" expired="true" disabled="false" usable="false" license_type="expiration" exp_date="2023/9/7" />
			<feature id="580" name="MVN Analyze Pro Subscription" locked="true" expired="false" disabled="false" usable="true" license_type="perpetual" />
			<feature id="581" name="MVN Analyze Pro Maintenance" locked="true" expired="true" disabled="false" usable="false" license_type="expiration" exp_date="2023/9/7" />
		</product>
	</hasp>
	<hasp id="199801853163096163" type="HASP-SL" key_model="Certificate" configuration="haspsl-usermode" production_date="2023/5/10" attached="false">
		<vendor id="104171" name="" />
		<product id="10" name="Xsens">
			<feature id="1" name="Xsens" locked="true" expired="false" disabled="false" usable="true" license_type="perpetual" />
		</product>
	</hasp>
</hasp_info>
1696955784.570 <9864> [ALERT] DeviceCommunicator::doTransaction Timeout waiting for reply to XMID_GotoConfig(30), timeout = 100 ms.
1696955784.570 <9864> [ALERT] DeviceCommunicator::gotoConfig Failed to go to config, XRV: XRV_TIMEOUTNODATA(259)
1696955784.800 <50A0> [ALERT] Communicator::handleMessage Error message received: FAFF420104BA
1696955784.800 <50A0> [ALERT] xsens::ReplyMonitor::dumpObjectList Waiting for 1 objects
1696955784.800 <50A0> [ALERT] xsens::ReplyMonitor::dumpObjectList 0: msg ID = 0x1F
1696955784.800 <9864> [ALERT] DeviceCommunicator::doTransaction Received error XRV_INVALIDMSG(4)
1696955785.172 <26CC> [ALERT] Communicator::handleMessage Error message received: FAFF420104BA
1696955785.172 <26CC> [ALERT] xsens::ReplyMonitor::dumpObjectList Waiting for 1 objects
1696955785.172 <26CC> [ALERT] xsens::ReplyMonitor::dumpObjectList 0: msg ID = 0x1F
1696955785.172 <9864> [ALERT] DeviceCommunicator::doTransaction Received error XRV_INVALIDMSG(4)
1696955785.297 <9864> [WRITE] XsDevice::extractFirmwareVersion Device 01200275 has firmware version 4.4.0
1696955785.326 <26CC> [ALERT] Communicator::handleMessage Error message received: FAFF420104BA
1696955785.326 <26CC> [ALERT] xsens::ReplyMonitor::dumpObjectList Waiting for 1 objects
1696955785.326 <26CC> [ALERT] xsens::ReplyMonitor::dumpObjectList 0: msg ID = 0x4B
1696955785.326 <9864> [ALERT] DeviceCommunicator::doTransaction Received error XRV_INVALIDMSG(4)
1696955785.386 <9864> [WRITE] XsDevice::extractFirmwareVersion Device 01200275 has firmware version 4.4.0
1696955785.417 <9864> [WRITE] DeviceFactory::createMasterDevice Created master device with id: 01200275 and firmware version: 4.4.0
1696955785.493 <26CC> [ALERT] Communicator::handleMessage Error message received: FAFF420104BA
1696955785.493 <26CC> [ALERT] xsens::ReplyMonitor::dumpObjectList Waiting for 1 objects
1696955785.493 <26CC> [ALERT] xsens::ReplyMonitor::dumpObjectList 0: msg ID = 0x4B
1696955785.493 <7DB8> [ALERT] DeviceCommunicator::doTransaction Received error XRV_INVALIDMSG(4)
1696955797.154 <26CC> [WRITE] MtwBaseDevice::handleClientConnect Master 01200275 Client connected: 00B46AB1
1696955797.154 <26CC> [WRITE] XsDevice::setFirmwareVersion Device 00B46AB1 has firmware version 4.4.0
1696955797.249 <26CC> [WRITE] MtwBaseDevice::handleClientConnect Master 01200275 Client connected: 00B46AB5
1696955797.250 <26CC> [WRITE] XsDevice::setFirmwareVersion Device 00B46AB5 has firmware version 4.4.0
1696955797.361 <26CC> [WRITE] MtwBaseDevice::handleClientConnect Master 01200275 Client connected: 00B46AAE
1696955797.361 <26CC> [WRITE] XsDevice::setFirmwareVersion Device 00B46AAE has firmware version 4.4.0
1696955797.408 <26CC> [WRITE] MtwBaseDevice::handleClientConnect Master 01200275 Client connected: 00B46AB4
1696955797.408 <26CC> [WRITE] XsDevice::setFirmwareVersion Device 00B46AB4 has firmware version 4.4.0
1696955797.503 <26CC> [WRITE] MtwBaseDevice::handleClientConnect Master 01200275 Client connected: 00B46AB8
1696955797.503 <26CC> [WRITE] XsDevice::setFirmwareVersion Device 00B46AB8 has firmware version 4.4.0
1696955797.583 <26CC> [WRITE] MtwBaseDevice::handleClientConnect Master 01200275 Client connected: 00B46AB9
1696955797.583 <26CC> [WRITE] XsDevice::setFirmwareVersion Device 00B46AB9 has firmware version 4.4.0
1696955797.663 <26CC> [WRITE] MtwBaseDevice::handleClientConnect Master 01200275 Client connected: 00B46AB7
1696955797.663 <26CC> [WRITE] XsDevice::setFirmwareVersion Device 00B46AB7 has firmware version 4.4.0
1696955797.789 <26CC> [WRITE] MtwBaseDevice::handleClientConnect Master 01200275 Client connected: 00B46AB0
1696955797.790 <26CC> [WRITE] XsDevice::setFirmwareVersion Device 00B46AB0 has firmware version 4.4.0
1696955797.867 <26CC> [WRITE] MtwBaseDevice::handleClientConnect Master 01200275 Client connected: 00B46ABA
1696955797.867 <26CC> [WRITE] XsDevice::setFirmwareVersion Device 00B46ABA has firmware version 4.4.0
1696955797.915 <26CC> [ALERT] Communicator::handleMessage Error message received: FAFF420104BA
1696955797.915 <26CC> [ALERT] xsens::ReplyMonitor::dumpObjectList Waiting for 1 objects
1696955797.915 <26CC> [ALERT] xsens::ReplyMonitor::dumpObjectList 0: msg ID = 0x2B
1696955798.435 <7DB8> [WRITE] XsDevice::extractFirmwareVersion Device 01200275 has firmware version 4.4.0
1696955799.869 <26CC> [ERROR] MtContainer::checkQueue Missing item(s) in Live queue
1696955799.869 <26CC> [ERROR] MtContainer::checkQueue Missing item(s) in Buffered queue
1696955800.379 <26CC> [ERROR] MtContainer::checkQueue Missing item(s) in Live queue
1696955800.379 <26CC> [ERROR] MtContainer::checkQueue Missing item(s) in Buffered queue
1696955816.223 <26CC> [ALERT] ProtocolHandler::findMessage Invalid message length: 64085
1696955816.303 <26CC> [ALERT] ProtocolHandler::findMessage Invalid message length: 64071
1696955816.893 <26CC> [ALERT] ProtocolHandler::findMessage Invalid message length: 63964
1696955817.483 <26CC> [ALERT] ProtocolHandler::findMessage Invalid message length: 63855
1696955846.755 <26CC> [WRITE] MtwBaseDevice::handleClientDisconnect Master 01200275 Client disconnected: 00B46AB1
1696955846.756 <26CC> [WRITE] MtwBaseDevice::handleClientDisconnect Master 01200275 Client disconnected: 00B46AB5
1696955846.756 <26CC> [WRITE] MtwBaseDevice::handleClientDisconnect Master 01200275 Client disconnected: 00B46AAE
1696955846.756 <26CC> [WRITE] MtwBaseDevice::handleClientDisconnect Master 01200275 Client disconnected: 00B46AB4
1696955846.756 <26CC> [WRITE] MtwBaseDevice::handleClientDisconnect Master 01200275 Client disconnected: 00B46AB8
1696955846.757 <26CC> [WRITE] MtwBaseDevice::handleClientDisconnect Master 01200275 Client disconnected: 00B46AB7
1696955846.757 <26CC> [WRITE] MtwBaseDevice::handleClientDisconnect Master 01200275 Client disconnected: 00B46AB0
1696955846.757 <26CC> [WRITE] MtwBaseDevice::handleClientDisconnect Master 01200275 Client disconnected: 00B46ABA
1696955846.848 <26CC> [WRITE] MtwBaseDevice::handleClientDisconnect Master 01200275 Client disconnected: 00B46AB9
1696955846.895 <43C8> [WRITE] XsDevice::extractFirmwareVersion Device 01200275 has firmware version 4.4.0
1696955847.033 <43C8> [ALERT] DeviceCommunicator::doTransaction Failed to write message because XRV_NOPORTOPEN(288) 
1696955847.033 <43C8> [ALERT] AwindaBaseStation::sendDriverDisconnect Disconnect failed
1696955847.033 <43C8> [ALERT] DeviceCommunicator::doTransaction Failed to write message because XRV_NOPORTOPEN(288) 
1696955847.033 <43C8> [ALERT] AwindaBaseStation::sendDriverDisconnect Disconnect failed
